<?xml version="1.0" encoding="UTF-8"?>
<!-- Generated by org.testng.reporters.JUnitXMLReporter -->
<testsuite ignored="1" hostname="Satishs-MacBook-Pro.local" failures="0" tests="1" name="NegativeUserNameTest" time="6.087" errors="0" timestamp="2022-07-31T15:02:51 EDT">
  <testcase classname="com.internet.heroku.LoginTest" name="negativeLoginTest" time="2.069"/>
  <testcase classname="com.internet.heroku.LoginTest" name="positiveLoginTest" time="0.0">
    <ignored/>
  </testcase> <!-- positiveLoginTest -->
</testsuite> <!-- NegativeUserNameTest -->
